#
# There is insufficient memory for the Java Runtime Environment to continue.
# Native memory allocation (malloc) failed to allocate 65552 bytes for Chunk::new
# Possible reasons:
#   The system is out of physical RAM or swap space
#   The process is running with CompressedOops enabled, and the Java Heap may be blocking the growth of the native heap
# Possible solutions:
#   Reduce memory load on the system
#   Increase physical memory or swap space
#   Check if swap backing store is full
#   Decrease Java heap size (-Xmx/-Xms)
#   Decrease number of Java threads
#   Decrease Java thread stack sizes (-Xss)
#   Set larger code cache with -XX:ReservedCodeCacheSize=
#   JVM is running with Zero Based Compressed Oops mode in which the Java heap is
#     placed in the first 32GB address space. The Java Heap base address is the
#     maximum limit for the native heap growth. Please use -XX:HeapBaseMinAddress
#     to set the Java Heap base and to place the Java Heap above 32GB virtual address.
# This output file may be truncated or incomplete.
#
#  Out of Memory Error (allocation.cpp:389), pid=239596, tid=0x000000000003a838
#
# JRE version: Java(TM) SE Runtime Environment (8.0_211-b12) (build 1.8.0_211-b12)
# Java VM: Java HotSpot(TM) 64-Bit Server VM (25.211-b12 mixed mode windows-amd64 compressed oops)
# Failed to write core dump. Minidumps are not enabled by default on client versions of Windows
#

---------------  T H R E A D  ---------------

Current thread (0x000000001a333000):  JavaThread "C2 CompilerThread0" daemon [_thread_in_native, id=239672, stack(0x000000001bc60000,0x000000001bd60000)]

Stack: [0x000000001bc60000,0x000000001bd60000]
[error occurred during error reporting (printing stack bounds), id 0xc0000005]

Native frames: (J=compiled Java code, j=interpreted, Vv=VM code, C=native code)


Current CompileTask:
C2:  21947 3029       4       org.springframework.core.annotation.AnnotationsScanner::getDeclaredAnnotations (166 bytes)


---------------  P R O C E S S  ---------------

Java Threads: ( => current thread )
  0x000000001b8d6800 JavaThread "surefire-forkedjvm-ping-30s" daemon [_thread_in_native, id=239736, stack(0x000000001c260000,0x000000001c360000)]
  0x000000001b7ca800 JavaThread "surefire-forkedjvm-command-thread" daemon [_thread_in_native, id=239716, stack(0x000000001c160000,0x000000001c260000)]
  0x000000001b6cc000 JavaThread "Service Thread" daemon [_thread_blocked, id=239692, stack(0x000000001bf60000,0x000000001c060000)]
  0x000000001a33e800 JavaThread "C1 CompilerThread2" daemon [_thread_blocked, id=239688, stack(0x000000001be60000,0x000000001bf60000)]
  0x000000001a336000 JavaThread "C2 CompilerThread1" daemon [_thread_blocked, id=239680, stack(0x000000001bd60000,0x000000001be60000)]
=>0x000000001a333000 JavaThread "C2 CompilerThread0" daemon [_thread_in_native, id=239672, stack(0x000000001bc60000,0x000000001bd60000)]
  0x000000001a332800 JavaThread "Attach Listener" daemon [_thread_blocked, id=239668, stack(0x000000001bb60000,0x000000001bc60000)]
  0x000000001a2f0000 JavaThread "Signal Dispatcher" daemon [_thread_blocked, id=239664, stack(0x000000001ba60000,0x000000001bb60000)]
  0x0000000003245000 JavaThread "Finalizer" daemon [_thread_blocked, id=201436, stack(0x000000001b560000,0x000000001b660000)]
  0x0000000003242000 JavaThread "Reference Handler" daemon [_thread_blocked, id=238832, stack(0x000000001b460000,0x000000001b560000)]
  0x000000000304d800 JavaThread "main" [_thread_in_vm, id=125112, stack(0x0000000002ea0000,0x0000000002fa0000)]

Other Threads:
  0x000000001a2a7000 VMThread [stack: 0x000000001b360000,0x000000001b460000] [id=238824]
  0x000000001b6f6800 WatcherThread [stack: 0x000000001c060000,0x000000001c160000] [id=239704]

VM state:not at safepoint (normal execution)

VM Mutex/Monitor currently owned by a thread: None

heap address: 0x0000000701a00000, size: 3046 MB, Compressed Oops mode: Zero based, Oop shift amount: 3
Narrow klass base: 0x0000000000000000, Narrow klass shift: 3
Compressed class space size: 1073741824 Address: 0x00000007c0000000

Heap:
 PSYoungGen      total 106496K, used 45091K [0x0000000780900000, 0x0000000787900000, 0x00000007c0000000)
  eden space 98304K, 37% used [0x0000000780900000,0x0000000782d0a830,0x0000000786900000)
  from space 8192K, 99% used [0x0000000787100000,0x00000007878fe508,0x0000000787900000)
  to   space 8192K, 0% used [0x0000000786900000,0x0000000786900000,0x0000000787100000)
 ParOldGen       total 69632K, used 8758K [0x0000000701a00000, 0x0000000705e00000, 0x0000000780900000)
  object space 69632K, 12% used [0x0000000701a00000,0x000000070228dbf0,0x0000000705e00000)
 Metaspace       used 32734K, capacity 34562K, committed 34688K, reserved 1079296K
  class space    used 4304K, capacity 4639K, committed 4736K, reserved 1048576K

Card table byte_map: [0x0000000012610000,0x0000000012c10000] byte_map_base: 0x000000000ee03000

Marking Bits: (ParMarkBitMap*) 0x0000000062005ce0
 Begin Bits: [0x0000000013410000, 0x00000000163a8000)
 End Bits:   [0x00000000163a8000, 0x0000000019340000)

Polling page: 0x0000000001140000

CodeCache: size=245760Kb used=9586Kb max_used=9590Kb free=236173Kb
 bounds [0x0000000003250000, 0x0000000003bc0000, 0x0000000012250000]
 total_blobs=3257 nmethods=2849 adapters=320
 compilation: enabled

Compilation events (10 events):
Event: 21.912 Thread 0x000000001a33e800 3027       3       java.lang.reflect.Field::getDeclaredAnnotations (8 bytes)
Event: 21.913 Thread 0x000000001a33e800 nmethod 3027 0x0000000003bb2090 code [0x0000000003bb2220, 0x0000000003bb2688]
Event: 21.913 Thread 0x000000001a33e800 3028       3       org.springframework.beans.factory.annotation.AutowiredAnnotationBeanPostProcessor::findAutowiredAnnotation (63 bytes)
Event: 21.913 Thread 0x000000001a33e800 nmethod 3028 0x0000000003bb0e10 code [0x0000000003bb1040, 0x0000000003bb1b08]
Event: 21.914 Thread 0x000000001a333000 3029       4       org.springframework.core.annotation.AnnotationsScanner::getDeclaredAnnotations (166 bytes)
Event: 21.916 Thread 0x000000001a336000 nmethod 3025 0x0000000003bb56d0 code [0x0000000003bb5860, 0x0000000003bb6108]
Event: 21.916 Thread 0x000000001a33e800 3030       3       org.springframework.core.ResolvableType::getSuperType (45 bytes)
Event: 21.917 Thread 0x000000001a33e800 nmethod 3030 0x0000000003bafa10 code [0x0000000003bafc40, 0x0000000003bb0968]
Event: 21.919 Thread 0x000000001a33e800 3031       3       java.util.ArrayList::rangeCheckForAdd (26 bytes)
Event: 21.920 Thread 0x000000001a33e800 nmethod 3031 0x0000000003bb43d0 code [0x0000000003bb45e0, 0x0000000003bb5118]

GC Heap History (10 events):
Event: 8.207 GC heap before
{Heap before GC invocations=3 (full 0):
 PSYoungGen      total 57344K, used 55529K [0x0000000780900000, 0x0000000787900000, 0x00000007c0000000)
  eden space 49152K, 100% used [0x0000000780900000,0x0000000783900000,0x0000000783900000)
  from space 8192K, 77% used [0x0000000784100000,0x000000078473a7b8,0x0000000784900000)
  to   space 8192K, 0% used [0x0000000783900000,0x0000000783900000,0x0000000784100000)
 ParOldGen       total 131072K, used 24K [0x0000000701a00000, 0x0000000709a00000, 0x0000000780900000)
  object space 131072K, 0% used [0x0000000701a00000,0x0000000701a06000,0x0000000709a00000)
 Metaspace       used 17697K, capacity 18892K, committed 18944K, reserved 1064960K
  class space    used 2331K, capacity 2556K, committed 2560K, reserved 1048576K
Event: 8.254 GC heap after
Heap after GC invocations=3 (full 0):
 PSYoungGen      total 57344K, used 7345K [0x0000000780900000, 0x0000000787900000, 0x00000007c0000000)
  eden space 49152K, 0% used [0x0000000780900000,0x0000000780900000,0x0000000783900000)
  from space 8192K, 89% used [0x0000000783900000,0x000000078402c710,0x0000000784100000)
  to   space 8192K, 0% used [0x0000000787100000,0x0000000787100000,0x0000000787900000)
 ParOldGen       total 131072K, used 32K [0x0000000701a00000, 0x0000000709a00000, 0x0000000780900000)
  object space 131072K, 0% used [0x0000000701a00000,0x0000000701a08000,0x0000000709a00000)
 Metaspace       used 17697K, capacity 18892K, committed 18944K, reserved 1064960K
  class space    used 2331K, capacity 2556K, committed 2560K, reserved 1048576K
}
Event: 8.936 GC heap before
{Heap before GC invocations=4 (full 0):
 PSYoungGen      total 57344K, used 46970K [0x0000000780900000, 0x0000000787900000, 0x00000007c0000000)
  eden space 49152K, 80% used [0x0000000780900000,0x0000000782fb22d8,0x0000000783900000)
  from space 8192K, 89% used [0x0000000783900000,0x000000078402c710,0x0000000784100000)
  to   space 8192K, 0% used [0x0000000787100000,0x0000000787100000,0x0000000787900000)
 ParOldGen       total 131072K, used 32K [0x0000000701a00000, 0x0000000709a00000, 0x0000000780900000)
  object space 131072K, 0% used [0x0000000701a00000,0x0000000701a08000,0x0000000709a00000)
 Metaspace       used 19881K, capacity 21120K, committed 21248K, reserved 1067008K
  class space    used 2690K, capacity 2964K, committed 3072K, reserved 1048576K
Event: 8.968 GC heap after
Heap after GC invocations=4 (full 0):
 PSYoungGen      total 106496K, used 7457K [0x0000000780900000, 0x0000000787900000, 0x00000007c0000000)
  eden space 98304K, 0% used [0x0000000780900000,0x0000000780900000,0x0000000786900000)
  from space 8192K, 91% used [0x0000000787100000,0x0000000787848570,0x0000000787900000)
  to   space 8192K, 0% used [0x0000000786900000,0x0000000786900000,0x0000000787100000)
 ParOldGen       total 131072K, used 40K [0x0000000701a00000, 0x0000000709a00000, 0x0000000780900000)
  object space 131072K, 0% used [0x0000000701a00000,0x0000000701a0a000,0x0000000709a00000)
 Metaspace       used 19881K, capacity 21120K, committed 21248K, reserved 1067008K
  class space    used 2690K, capacity 2964K, committed 3072K, reserved 1048576K
}
Event: 8.968 GC heap before
{Heap before GC invocations=5 (full 1):
 PSYoungGen      total 106496K, used 7457K [0x0000000780900000, 0x0000000787900000, 0x00000007c0000000)
  eden space 98304K, 0% used [0x0000000780900000,0x0000000780900000,0x0000000786900000)
  from space 8192K, 91% used [0x0000000787100000,0x0000000787848570,0x0000000787900000)
  to   space 8192K, 0% used [0x0000000786900000,0x0000000786900000,0x0000000787100000)
 ParOldGen       total 131072K, used 40K [0x0000000701a00000, 0x0000000709a00000, 0x0000000780900000)
  object space 131072K, 0% used [0x0000000701a00000,0x0000000701a0a000,0x0000000709a00000)
 Metaspace       used 19881K, capacity 21120K, committed 21248K, reserved 1067008K
  class space    used 2690K, capacity 2964K, committed 3072K, reserved 1048576K
Event: 9.042 GC heap after
Heap after GC invocations=5 (full 1):
 PSYoungGen      total 106496K, used 0K [0x0000000780900000, 0x0000000787900000, 0x00000007c0000000)
  eden space 98304K, 0% used [0x0000000780900000,0x0000000780900000,0x0000000786900000)
  from space 8192K, 0% used [0x0000000787100000,0x0000000787100000,0x0000000787900000)
  to   space 8192K, 0% used [0x0000000786900000,0x0000000786900000,0x0000000787100000)
 ParOldGen       total 69632K, used 7294K [0x0000000701a00000, 0x0000000705e00000, 0x0000000780900000)
  object space 69632K, 10% used [0x0000000701a00000,0x000000070211f988,0x0000000705e00000)
 Metaspace       used 19881K, capacity 21120K, committed 21248K, reserved 1067008K
  class space    used 2690K, capacity 2964K, committed 3072K, reserved 1048576K
}
Event: 13.917 GC heap before
{Heap before GC invocations=6 (full 1):
 PSYoungGen      total 106496K, used 98304K [0x0000000780900000, 0x0000000787900000, 0x00000007c0000000)
  eden space 98304K, 100% used [0x0000000780900000,0x0000000786900000,0x0000000786900000)
  from space 8192K, 0% used [0x0000000787100000,0x0000000787100000,0x0000000787900000)
  to   space 8192K, 0% used [0x0000000786900000,0x0000000786900000,0x0000000787100000)
 ParOldGen       total 69632K, used 7294K [0x0000000701a00000, 0x0000000705e00000, 0x0000000780900000)
  object space 69632K, 10% used [0x0000000701a00000,0x000000070211f988,0x0000000705e00000)
 Metaspace       used 26672K, capacity 28200K, committed 28544K, reserved 1073152K
  class space    used 3535K, capacity 3844K, committed 3968K, reserved 1048576K
Event: 13.995 GC heap after
Heap after GC invocations=6 (full 1):
 PSYoungGen      total 106496K, used 8162K [0x0000000780900000, 0x0000000787900000, 0x00000007c0000000)
  eden space 98304K, 0% used [0x0000000780900000,0x0000000780900000,0x0000000786900000)
  from space 8192K, 99% used [0x0000000786900000,0x00000007870f88f0,0x0000000787100000)
  to   space 8192K, 0% used [0x0000000787100000,0x0000000787100000,0x0000000787900000)
 ParOldGen       total 69632K, used 8177K [0x0000000701a00000, 0x0000000705e00000, 0x0000000780900000)
  object space 69632K, 11% used [0x0000000701a00000,0x00000007021fc758,0x0000000705e00000)
 Metaspace       used 26672K, capacity 28200K, committed 28544K, reserved 1073152K
  class space    used 3535K, capacity 3844K, committed 3968K, reserved 1048576K
}
Event: 19.995 GC heap before
{Heap before GC invocations=7 (full 1):
 PSYoungGen      total 106496K, used 106466K [0x0000000780900000, 0x0000000787900000, 0x00000007c0000000)
  eden space 98304K, 100% used [0x0000000780900000,0x0000000786900000,0x0000000786900000)
  from space 8192K, 99% used [0x0000000786900000,0x00000007870f88f0,0x0000000787100000)
  to   space 8192K, 0% used [0x0000000787100000,0x0000000787100000,0x0000000787900000)
 ParOldGen       total 69632K, used 8177K [0x0000000701a00000, 0x0000000705e00000, 0x0000000780900000)
  object space 69632K, 11% used [0x0000000701a00000,0x00000007021fc758,0x0000000705e00000)
 Metaspace       used 30463K, capacity 32156K, committed 32384K, reserved 1077248K
  class space    used 4033K, capacity 4354K, committed 4480K, reserved 1048576K
Event: 20.048 GC heap after
Heap after GC invocations=7 (full 1):
 PSYoungGen      total 106496K, used 8185K [0x0000000780900000, 0x0000000787900000, 0x00000007c0000000)
  eden space 98304K, 0% used [0x0000000780900000,0x0000000780900000,0x0000000786900000)
  from space 8192K, 99% used [0x0000000787100000,0x00000007878fe508,0x0000000787900000)
  to   space 8192K, 0% used [0x0000000786900000,0x0000000786900000,0x0000000787100000)
 ParOldGen       total 69632K, used 8758K [0x0000000701a00000, 0x0000000705e00000, 0x0000000780900000)
  object space 69632K, 12% used [0x0000000701a00000,0x000000070228dbf0,0x0000000705e00000)
 Metaspace       used 30463K, capacity 32156K, committed 32384K, reserved 1077248K
  class space    used 4033K, capacity 4354K, committed 4480K, reserved 1048576K
}

Deoptimization events (10 events):
Event: 12.881 Thread 0x000000000304d800 Uncommon trap: reason=bimorphic action=maybe_recompile pc=0x0000000003774cec method=java.util.HashMap.putVal(ILjava/lang/Object;Ljava/lang/Object;ZZ)Ljava/lang/Object; @ 203
Event: 12.956 Thread 0x000000000304d800 Uncommon trap: reason=unstable_if action=reinterpret pc=0x000000000382485c method=java.net.URLClassLoader.definePackageInternal(Ljava/lang/String;Ljava/util/jar/Manifest;Ljava/net/URL;)V @ 11
Event: 15.995 Thread 0x000000000304d800 Uncommon trap: reason=unstable_if action=reinterpret pc=0x000000000399cc34 method=org.springframework.core.annotation.MergedAnnotationsCollection.isMappingForType(Lorg/springframework/core/annotation/AnnotationTypeMapping;Ljava/lang/Object;)Z @ 13
Event: 16.012 Thread 0x000000000304d800 Uncommon trap: reason=unstable_if action=reinterpret pc=0x00000000038ff478 method=org.springframework.core.annotation.MergedAnnotationsCollection.isMappingForType(Lorg/springframework/core/annotation/AnnotationTypeMapping;Ljava/lang/Object;)Z @ 13
Event: 19.563 Thread 0x000000000304d800 Uncommon trap: reason=unstable_if action=reinterpret pc=0x0000000003a0faf4 method=org.springframework.beans.factory.support.AbstractBeanFactory.getMergedLocalBeanDefinition(Ljava/lang/String;)Lorg/springframework/beans/factory/support/RootBeanDefinition; 
Event: 19.576 Thread 0x000000000304d800 Uncommon trap: reason=unstable_if action=reinterpret pc=0x0000000003a521a4 method=org.springframework.beans.factory.support.DefaultSingletonBeanRegistry.getSingleton(Ljava/lang/String;Z)Ljava/lang/Object; @ 20
Event: 19.919 Thread 0x000000000304d800 Uncommon trap: reason=unstable_if action=reinterpret pc=0x00000000038e63f8 method=org.springframework.util.ConcurrentReferenceHashMap$Segment.findInChain(Lorg/springframework/util/ConcurrentReferenceHashMap$Reference;Ljava/lang/Object;I)Lorg/springframewo
Event: 19.920 Thread 0x000000000304d800 Uncommon trap: reason=unstable_if action=reinterpret pc=0x00000000038cf840 method=org.springframework.util.ConcurrentReferenceHashMap$Segment.findInChain(Lorg/springframework/util/ConcurrentReferenceHashMap$Reference;Ljava/lang/Object;I)Lorg/springframewo
Event: 19.973 Thread 0x000000000304d800 Uncommon trap: reason=unstable_if action=reinterpret pc=0x0000000003a73cdc method=org.springframework.beans.factory.support.AbstractBeanFactory.isTypeMatch(Ljava/lang/String;Lorg/springframework/core/ResolvableType;Z)Z @ 99
Event: 20.471 Thread 0x000000000304d800 Uncommon trap: reason=unstable_if action=reinterpret pc=0x0000000003a6bc80 method=org.springframework.beans.factory.support.AbstractAutowireCapableBeanFactory.predictBeanType(Ljava/lang/String;Lorg/springframework/beans/factory/support/RootBeanDefinition;

Classes redefined (0 events):
No events

Internal exceptions (10 events):
Event: 21.889 Thread 0x000000000304d800 Exception <a 'java/lang/ClassNotFoundException': org/springframework/aop/aspectj/annotation/AnnotationAwareAspectJAutoProxyCreatorCustomizer> (0x0000000782a8abd8) thrown at [C:\re\workspace\8-2-build-windows-amd64-cygwin\jdk8u211\12973\hotspot\src\share\v
Event: 21.893 Thread 0x000000000304d800 Exception <a 'java/lang/ClassNotFoundException': org/springframework/beans/factory/config/SmartInstantiationAwareBeanPostProcessorCustomizer> (0x0000000782adaa60) thrown at [C:\re\workspace\8-2-build-windows-amd64-cygwin\jdk8u211\12973\hotspot\src\share\v
Event: 21.894 Thread 0x000000000304d800 Exception <a 'java/lang/ClassNotFoundException': org/springframework/beans/factory/config/InstantiationAwareBeanPostProcessorCustomizer> (0x0000000782b16400) thrown at [C:\re\workspace\8-2-build-windows-amd64-cygwin\jdk8u211\12973\hotspot\src\share\vm\cla
Event: 21.895 Thread 0x000000000304d800 Exception <a 'java/lang/ClassNotFoundException': org/springframework/beans/factory/config/BeanPostProcessorCustomizer> (0x0000000782b49108) thrown at [C:\re\workspace\8-2-build-windows-amd64-cygwin\jdk8u211\12973\hotspot\src\share\vm\classfile\systemDicti
Event: 21.896 Thread 0x000000000304d800 Exception <a 'java/lang/ClassNotFoundException': org/springframework/beans/factory/BeanFactoryAwareCustomizer> (0x0000000782b74dc8) thrown at [C:\re\workspace\8-2-build-windows-amd64-cygwin\jdk8u211\12973\hotspot\src\share\vm\classfile\systemDictionary.cp
Event: 21.896 Thread 0x000000000304d800 Exception <a 'java/lang/ClassNotFoundException': org/springframework/beans/factory/AwareCustomizer> (0x0000000782b9ac38) thrown at [C:\re\workspace\8-2-build-windows-amd64-cygwin\jdk8u211\12973\hotspot\src\share\vm\classfile\systemDictionary.cpp, line 210
Event: 21.897 Thread 0x000000000304d800 Exception <a 'java/lang/ClassNotFoundException': org/springframework/core/OrderedCustomizer> (0x0000000782bbb4e8) thrown at [C:\re\workspace\8-2-build-windows-amd64-cygwin\jdk8u211\12973\hotspot\src\share\vm\classfile\systemDictionary.cpp, line 210]
Event: 21.898 Thread 0x000000000304d800 Exception <a 'java/lang/ClassNotFoundException': org/springframework/beans/factory/BeanClassLoaderAwareCustomizer> (0x0000000782be8540) thrown at [C:\re\workspace\8-2-build-windows-amd64-cygwin\jdk8u211\12973\hotspot\src\share\vm\classfile\systemDictionar
Event: 21.899 Thread 0x000000000304d800 Exception <a 'java/lang/ClassNotFoundException': org/springframework/beans/factory/AwareCustomizer> (0x0000000782c0de20) thrown at [C:\re\workspace\8-2-build-windows-amd64-cygwin\jdk8u211\12973\hotspot\src\share\vm\classfile\systemDictionary.cpp, line 210
Event: 21.903 Thread 0x000000000304d800 Exception <a 'java/lang/ClassNotFoundException': org/springframework/aop/framework/AopInfrastructureBeanCustomizer> (0x0000000782c3a278) thrown at [C:\re\workspace\8-2-build-windows-amd64-cygwin\jdk8u211\12973\hotspot\src\share\vm\classfile\systemDictiona

Events (10 events):
Event: 21.903 loading class org/springframework/aop/framework/AopInfrastructureBeanCustomizer
Event: 21.903 loading class org/springframework/aop/framework/AopInfrastructureBeanCustomizer done
Event: 21.917 loading class org/springframework/core/convert/support/NumberToNumberConverterFactory$NumberToNumber
Event: 21.917 loading class org/springframework/core/convert/support/NumberToNumberConverterFactory$NumberToNumber done
Event: 21.920 loading class org/springframework/aop/aspectj/annotation/ReflectiveAspectJAdvisorFactory
Event: 21.920 loading class org/springframework/aop/aspectj/annotation/ReflectiveAspectJAdvisorFactory done
Event: 21.922 loading class org/springframework/aop/aspectj/annotation/AbstractAspectJAdvisorFactory
Event: 21.922 loading class org/springframework/aop/aspectj/annotation/AbstractAspectJAdvisorFactory done
Event: 21.923 loading class org/springframework/aop/aspectj/annotation/NotAnAtAspectException
Event: 21.923 loading class org/springframework/aop/aspectj/annotation/NotAnAtAspectException done


Dynamic libraries:
0x00007ff6b25a0000 - 0x00007ff6b25d7000 	D:\java\jdk1.8.0_211\jre\bin\java.exe
0x00007ffa84ba0000 - 0x00007ffa84d90000 	C:\Windows\SYSTEM32\ntdll.dll
0x00007ffa83440000 - 0x00007ffa834f2000 	C:\Windows\System32\KERNEL32.DLL
0x00007ffa823e0000 - 0x00007ffa82683000 	C:\Windows\System32\KERNELBASE.dll
0x00007ffa83aa0000 - 0x00007ffa83b43000 	C:\Windows\System32\ADVAPI32.dll
0x00007ffa83580000 - 0x00007ffa8361e000 	C:\Windows\System32\msvcrt.dll
0x00007ffa82e50000 - 0x00007ffa82ee7000 	C:\Windows\System32\sechost.dll
0x00007ffa83320000 - 0x00007ffa83440000 	C:\Windows\System32\RPCRT4.dll
0x00007ffa830d0000 - 0x00007ffa83264000 	C:\Windows\System32\USER32.dll
0x00007ffa82790000 - 0x00007ffa827b1000 	C:\Windows\System32\win32u.dll
0x00007ffa830a0000 - 0x00007ffa830c6000 	C:\Windows\System32\GDI32.dll
0x00007ffa82a30000 - 0x00007ffa82bc4000 	C:\Windows\System32\gdi32full.dll
0x00007ffa82690000 - 0x00007ffa8272e000 	C:\Windows\System32\msvcp_win.dll
0x00007ffa82910000 - 0x00007ffa82a0a000 	C:\Windows\System32\ucrtbase.dll
0x00007ffa80f80000 - 0x00007ffa81205000 	C:\Windows\WinSxS\amd64_microsoft.windows.common-controls_6595b64144ccf1df_6.0.18362.535_none_e6c3b34713100821\COMCTL32.dll
0x00007ffa83760000 - 0x00007ffa83a96000 	C:\Windows\System32\combase.dll
0x00007ffa82bd0000 - 0x00007ffa82c50000 	C:\Windows\System32\bcryptPrimitives.dll
0x00007ffa83cc0000 - 0x00007ffa83cee000 	C:\Windows\System32\IMM32.DLL
0x0000000062090000 - 0x0000000062162000 	D:\java\jdk1.8.0_211\jre\bin\msvcr100.dll
0x00000000617e0000 - 0x0000000062085000 	D:\java\jdk1.8.0_211\jre\bin\server\jvm.dll
0x00007ffa83570000 - 0x00007ffa83578000 	C:\Windows\System32\PSAPI.DLL
0x00007ffa7dce0000 - 0x00007ffa7dce9000 	C:\Windows\SYSTEM32\WSOCK32.dll
0x00007ffa83030000 - 0x00007ffa8309f000 	C:\Windows\System32\WS2_32.dll
0x00007ffa7e1a0000 - 0x00007ffa7e1c4000 	C:\Windows\SYSTEM32\WINMM.dll
0x00007ffa77840000 - 0x00007ffa7784a000 	C:\Windows\SYSTEM32\VERSION.dll
0x00007ffa7e170000 - 0x00007ffa7e19d000 	C:\Windows\SYSTEM32\WINMMBASE.dll
0x00007ffa81b30000 - 0x00007ffa81b7a000 	C:\Windows\System32\cfgmgr32.dll
0x00007ffa667a0000 - 0x00007ffa667af000 	D:\java\jdk1.8.0_211\jre\bin\verify.dll
0x00007ffa4ea30000 - 0x00007ffa4ea59000 	D:\java\jdk1.8.0_211\jre\bin\java.dll
0x00007ffa4e120000 - 0x00007ffa4e136000 	D:\java\jdk1.8.0_211\jre\bin\zip.dll
0x00007ffa84470000 - 0x00007ffa84b55000 	C:\Windows\System32\SHELL32.dll
0x00007ffa82c50000 - 0x00007ffa82cf9000 	C:\Windows\System32\shcore.dll
0x00007ffa81c60000 - 0x00007ffa823df000 	C:\Windows\System32\windows.storage.dll
0x00007ffa81b10000 - 0x00007ffa81b2f000 	C:\Windows\System32\profapi.dll
0x00007ffa81a80000 - 0x00007ffa81aca000 	C:\Windows\System32\powrprof.dll
0x00007ffa81a70000 - 0x00007ffa81a80000 	C:\Windows\System32\UMPDC.dll
0x00007ffa82fd0000 - 0x00007ffa83022000 	C:\Windows\System32\shlwapi.dll
0x00007ffa81ad0000 - 0x00007ffa81ae1000 	C:\Windows\System32\kernel.appcore.dll
0x00007ffa82a10000 - 0x00007ffa82a27000 	C:\Windows\System32\cryptsp.dll
0x00007ffa722b0000 - 0x00007ffa722bd000 	D:\Java\jdk1.8.0_211\jre\bin\management.dll
0x00007ffa4a6d0000 - 0x00007ffa4a6ea000 	D:\Java\jdk1.8.0_211\jre\bin\net.dll
0x00007ffa72810000 - 0x00007ffa729e6000 	C:\Windows\SYSTEM32\urlmon.dll
0x00007ffa73290000 - 0x00007ffa73536000 	C:\Windows\SYSTEM32\iertutil.dll
0x00007ffa80e30000 - 0x00007ffa80e3c000 	C:\Windows\SYSTEM32\CRYPTBASE.DLL
0x00007ffa80c60000 - 0x00007ffa80cc7000 	C:\Windows\system32\mswsock.dll
0x00007ffa4a4a0000 - 0x00007ffa4a4b2000 	D:\Java\jdk1.8.0_211\jre\bin\nio.dll
0x00007ffa64dd0000 - 0x00007ffa64de6000 	C:\Windows\system32\napinsp.dll
0x00007ffa64db0000 - 0x00007ffa64dca000 	C:\Windows\system32\pnrpnsp.dll
0x00007ffa809b0000 - 0x00007ffa80a7a000 	C:\Windows\SYSTEM32\DNSAPI.dll
0x00007ffa83cb0000 - 0x00007ffa83cb8000 	C:\Windows\System32\NSI.dll
0x00007ffa80970000 - 0x00007ffa809aa000 	C:\Windows\SYSTEM32\IPHLPAPI.DLL
0x00007ffa67c40000 - 0x00007ffa67c4e000 	C:\Windows\System32\winrnr.dll
0x00007ffa7de00000 - 0x00007ffa7de1c000 	C:\Windows\system32\NLAapi.dll
0x00007ffa7d0e0000 - 0x00007ffa7d0f5000 	C:\Windows\system32\wshbth.dll
0x00007ffa7a520000 - 0x00007ffa7a52a000 	C:\Windows\System32\rasadhlp.dll
0x00007ffa779c0000 - 0x00007ffa77a37000 	C:\Windows\System32\fwpuclnt.dll
0x00007ffa81b80000 - 0x00007ffa81ba6000 	C:\Windows\System32\bcrypt.dll

VM Arguments:
java_command: C:\Users\14596\AppData\Local\Temp\surefire7708559480446380307\surefirebooter5854363364319975722.jar C:\Users\14596\AppData\Local\Temp\surefire7708559480446380307 2019-12-30T21-10-15_197-jvmRun1 surefire1904473709666844797tmp surefire_02910808673744577283tmp
java_class_path (initial): C:\Users\14596\AppData\Local\Temp\surefire7708559480446380307\surefirebooter5854363364319975722.jar
Launcher Type: SUN_STANDARD

Environment Variables:
JAVA_HOME=D:\Java\jdk1.8.0_211
PATH=C:\ProgramData\DockerDesktop\version-bin;C:\Program Files\Docker\Docker\Resources\bin;C:\Python27\;C:\Python27\Scripts;C:\Program Files (x86)\Common Files\Oracle\Java\javapath;C:\Windows\system32;C:\Windows;C:\Windows\System32\Wbem;C:\Windows\System32\WindowsPowerShell\v1.0\;C:\Windows\System32\OpenSSH\;D:\Java\Git\cmd;D:\Java\apache-maven-3.6.2\bin;D:\Java\mysql-8.0.17\bin;D:\Java\jdk1.8.0_211\bin;D:\Java\Redis\;D:\Java\nodejs\;C:\ProgramData\chocolatey\bin;C:\Users\14596\AppData\Local\Microsoft\WindowsApps;D:\Java\IntelliJ IDEA 2019.2.2\bin;D:\Java\Microsoft VS Code\bin;C:\Users\14596\AppData\Roaming\npm;C:\Users\14596\AppData\Local\BypassRuntm
USERNAME=14596
OS=Windows_NT
PROCESSOR_IDENTIFIER=Intel64 Family 6 Model 60 Stepping 3, GenuineIntel



---------------  S Y S T E M  ---------------

OS: Windows 10.0 , 64 bit Build 18362 (10.0.18362.329)

CPU:total 4 (initial active 4) (2 cores per cpu, 2 threads per core) family 6 model 60 stepping 3, cmov, cx8, fxsr, mmx, sse, sse2, sse3, ssse3, sse4.1, sse4.2, popcnt, avx, avx2, aes, clmul, erms, lzcnt, ht, tsc, tscinvbit, bmi1, bmi2

Memory: 4k page, physical 12469240k(237920k free), swap 29080948k(5176k free)

vm_info: Java HotSpot(TM) 64-Bit Server VM (25.211-b12) for windows-amd64 JRE (1.8.0_211-b12), built on Apr  1 2019 20:53:26 by "java_re" with MS VC++ 10.0 (VS2010)

time: Mon Dec 30 21:10:41 2019
timezone: 中国标准时间
elapsed time: 21 seconds (0d 0h 0m 21s)

